TN:
SF:src/entity/Todo.ts
FN:4,Todo
FN:14,default
FNF:2
FNH:2
FNDA:19,Todo
FNDA:1,default
DA:1,1
DA:2,1
DA:3,1
DA:4,19
DA:5,19
DA:6,19
DA:7,19
DA:8,19
DA:9,19
DA:10,19
DA:11,19
DA:12,19
DA:13,19
DA:14,19
DA:15,19
DA:16,19
LF:16
LH:16
BRDA:4,0,0,1
BRDA:4,1,0,19
BRDA:14,2,0,1
BRF:3
BRH:3
end_of_record
TN:
SF:src/entity/User.ts
FN:4,User
FNF:1
FNH:1
FNDA:1,User
DA:1,1
DA:2,1
DA:3,1
DA:4,1
DA:5,1
DA:6,1
DA:7,1
DA:8,1
DA:9,1
DA:10,1
DA:11,1
DA:12,1
DA:13,1
DA:14,1
DA:15,1
DA:16,1
LF:16
LH:16
BRDA:4,0,0,1
BRDA:4,1,0,1
BRF:2
BRH:2
end_of_record
